2013-07-12 15:15:23 URL:http://localhost:9999/admin/solr/index/site-list.html [37937/37937] -> "/vagrant/dist/solr-index/admin/solr/index/site-list.html" [1]
http://localhost:9999/admin/solr/index/tei/tables/Pontus.morph1:
2013-07-12 15:15:23 ERROR 404: Not Found.
http://localhost:9999/admin/solr/index/tei/tables/TLG-morpheus-output.xls:
2013-07-12 15:15:23 ERROR 404: Not Found.
http://localhost:9999/admin/solr/index/tei/tables/bibl-table.xls:
2013-07-12 15:15:23 ERROR 404: Not Found.
http://localhost:9999/admin/solr/index/tei/tables/character-table.xml:
2013-07-12 15:15:23 ERROR 404: Not Found.
http://localhost:9999/admin/solr/index/tei/tables/copy-all.xsl:
2013-07-12 15:15:23 ERROR 404: Not Found.
http://localhost:9999/admin/solr/index/tei/tables/criteria-table.xml:
2013-07-12 15:15:23 ERROR 404: Not Found.
http://localhost:9999/admin/solr/index/tei/tables/grc-nametable-lemmas.xml:
2013-07-12 15:15:23 ERROR 404: Not Found.
http://localhost:9999/admin/solr/index/tei/tables/grc-nametable.xml:
2013-07-12 15:15:23 ERROR 404: Not Found.
http://localhost:9999/admin/solr/index/tei/tables/grc-wordsout.xml:
2013-07-12 15:15:23 ERROR 404: Not Found.
http://localhost:9999/admin/solr/index/tei/tables/grc-wordtable.xml:
2013-07-12 15:15:23 ERROR 404: Not Found.
http://localhost:9999/admin/solr/index/tei/tables/iaph-grc-wordsout.xml:
2013-07-12 15:15:23 ERROR 404: Not Found.
http://localhost:9999/admin/solr/index/tei/tables/irt-la-wordsout.xml:
2013-07-12 15:15:23 ERROR 404: Not Found.
http://localhost:9999/admin/solr/index/tei/tables/la-nametable.xml:
2013-07-12 15:15:23 ERROR 404: Not Found.
http://localhost:9999/admin/solr/index/tei/tables/la-nametable2.xml:
2013-07-12 15:15:23 ERROR 404: Not Found.
http://localhost:9999/admin/solr/index/tei/tables/la-wordsout.xml:
2013-07-12 15:15:23 ERROR 404: Not Found.
http://localhost:9999/admin/solr/index/tei/tables/la-wordtable.xml:
2013-07-12 15:15:23 ERROR 404: Not Found.
http://localhost:9999/admin/solr/index/tei/tables/la-wordtable2.xml:
2013-07-12 15:15:23 ERROR 404: Not Found.
http://localhost:9999/admin/solr/index/tei/tables/material-table.xml:
2013-07-12 15:15:23 ERROR 404: Not Found.
http://localhost:9999/admin/solr/index/tei/tables/object-table.xml:
2013-07-12 15:15:23 ERROR 404: Not Found.
http://localhost:9999/admin/solr/index/tei/tables/orig-list.xml:
2013-07-12 15:15:23 ERROR 404: Not Found.
http://localhost:9999/admin/solr/index/tei/tables/placenametable.xml:
2013-07-12 15:15:23 ERROR 404: Not Found.
http://localhost:9999/admin/solr/index/tei/tei/index.xml:
2013-07-12 15:15:23 ERROR 404: Not Found.
http://localhost:9999/admin/solr/index/tei/tei/alists/attestednames.xml:
2013-07-12 15:15:23 ERROR 404: Not Found.
http://localhost:9999/admin/solr/index/tei/tei/alists/attestedperson.xml:
2013-07-12 15:15:23 ERROR 404: Not Found.
http://localhost:9999/admin/solr/index/tei/tei/alists/bibliography.xml:
2013-07-12 15:15:23 ERROR 404: Not Found.
http://localhost:9999/admin/solr/index/tei/tei/alists/centuries.xml:
2013-07-12 15:15:23 ERROR 404: Not Found.
http://localhost:9999/admin/solr/index/tei/tei/alists/character.xml:
2013-07-12 15:15:23 ERROR 404: Not Found.
http://localhost:9999/admin/solr/index/tei/tei/alists/criteria.xml:
2013-07-12 15:15:23 ERROR 404: Not Found.
http://localhost:9999/admin/solr/index/tei/tei/alists/divine.xml:
2013-07-12 15:15:23 ERROR 404: Not Found.
http://localhost:9999/admin/solr/index/tei/tei/alists/document-search.xml:
2013-07-12 15:15:23 ERROR 404: Not Found.
http://localhost:9999/admin/solr/index/tei/tei/alists/execution.xml:
2013-07-12 15:15:23 ERROR 404: Not Found.
http://localhost:9999/admin/solr/index/tei/tei/alists/inscriptions.xml:
2013-07-12 15:15:23 ERROR 404: Not Found.
http://localhost:9999/admin/solr/index/tei/tei/alists/institution.xml:
2013-07-12 15:15:23 ERROR 404: Not Found.
http://localhost:9999/admin/solr/index/tei/tei/alists/location-hierarchy.xml:
2013-07-12 15:15:23 ERROR 404: Not Found.
http://localhost:9999/admin/solr/index/tei/tei/alists/material-search.xml:
2013-07-12 15:15:23 ERROR 404: Not Found.
http://localhost:9999/admin/solr/index/tei/tei/alists/material.xml:
2013-07-12 15:15:23 ERROR 404: Not Found.
http://localhost:9999/admin/solr/index/tei/tei/alists/mentionedplace.xml:
2013-07-12 15:15:23 ERROR 404: Not Found.
http://localhost:9999/admin/solr/index/tei/tei/alists/months.xml:
2013-07-12 15:15:23 ERROR 404: Not Found.
http://localhost:9999/admin/solr/index/tei/tei/alists/monument-search.xml:
2013-07-12 15:15:23 ERROR 404: Not Found.
http://localhost:9999/admin/solr/index/tei/tei/alists/objecttypes.xml:
2013-07-12 15:15:23 ERROR 404: Not Found.
http://localhost:9999/admin/solr/index/tei/tei/alists/origPlace.xml:
2013-07-12 15:15:23 ERROR 404: Not Found.
http://localhost:9999/admin/solr/index/tei/tei/alists/ruler.xml:
2013-07-12 15:15:23 ERROR 404: Not Found.
http://localhost:9999/admin/solr/index/tei/tei/alists/surnames.xml:
2013-07-12 15:15:23 ERROR 404: Not Found.
http://localhost:9999/admin/solr/index/tei/tei/corpus/bibliography.xml:
2013-07-12 15:15:23 ERROR 404: Not Found.
http://localhost:9999/admin/solr/index/tei/tei/corpus/byz13.xml:
2013-07-12 15:15:24 ERROR 404: Not Found.
http://localhost:9999/admin/solr/index/tei/tei/corpus/byz26.xml:
2013-07-12 15:15:24 ERROR 404: Not Found.
http://localhost:9999/admin/solr/index/tei/tei/corpus/byz28.xml:
2013-07-12 15:15:24 ERROR 404: Not Found.
http://localhost:9999/admin/solr/index/tei/tei/corpus/byz34.xml:
2013-07-12 15:15:24 ERROR 404: Not Found.
http://localhost:9999/admin/solr/index/tei/tei/corpus/digital.xml:
2013-07-12 15:15:24 ERROR 404: Not Found.
http://localhost:9999/admin/solr/index/tei/tei/corpus/history.xml:
2013-07-12 15:15:24 ERROR 404: Not Found.
http://localhost:9999/admin/solr/index/tei/tei/corpus/index.xml:
2013-07-12 15:15:24 ERROR 404: Not Found.
http://localhost:9999/admin/solr/index/tei/tei/corpus/maps.xml:
2013-07-12 15:15:24 ERROR 404: Not Found.
http://localhost:9999/admin/solr/index/tei/tei/corpus/photos.xml:
2013-07-12 15:15:24 ERROR 404: Not Found.
http://localhost:9999/admin/solr/index/tei/tei/corpus/sigla.xml:
2013-07-12 15:15:24 ERROR 404: Not Found.
http://localhost:9999/admin/solr/index/tei/tei/inscriptions/byz001.xml:
2013-07-12 15:15:24 ERROR 404: Not Found.
http://localhost:9999/admin/solr/index/tei/tei/inscriptions/byz002.xml:
2013-07-12 15:15:24 ERROR 404: Not Found.
http://localhost:9999/admin/solr/index/tei/tei/inscriptions/byz003.xml:
2013-07-12 15:15:24 ERROR 404: Not Found.
http://localhost:9999/admin/solr/index/tei/tei/inscriptions/byz004.xml:
2013-07-12 15:15:24 ERROR 404: Not Found.
http://localhost:9999/admin/solr/index/tei/tei/inscriptions/byz005.xml:
2013-07-12 15:15:24 ERROR 404: Not Found.
http://localhost:9999/admin/solr/index/tei/tei/inscriptions/byz006.xml:
2013-07-12 15:15:24 ERROR 404: Not Found.
http://localhost:9999/admin/solr/index/tei/tei/inscriptions/byz007.xml:
2013-07-12 15:15:24 ERROR 404: Not Found.
http://localhost:9999/admin/solr/index/tei/tei/inscriptions/byz008.xml:
2013-07-12 15:15:24 ERROR 404: Not Found.
http://localhost:9999/admin/solr/index/tei/tei/inscriptions/byz009.xml:
2013-07-12 15:15:24 ERROR 404: Not Found.
http://localhost:9999/admin/solr/index/tei/tei/inscriptions/byz010.xml:
2013-07-12 15:15:24 ERROR 404: Not Found.
http://localhost:9999/admin/solr/index/tei/tei/inscriptions/byz011.xml:
2013-07-12 15:15:24 ERROR 404: Not Found.
http://localhost:9999/admin/solr/index/tei/tei/inscriptions/byz012.xml:
2013-07-12 15:15:24 ERROR 404: Not Found.
http://localhost:9999/admin/solr/index/tei/tei/inscriptions/byz013.xml:
2013-07-12 15:15:24 ERROR 404: Not Found.
http://localhost:9999/admin/solr/index/tei/tei/inscriptions/byz014.xml:
2013-07-12 15:15:24 ERROR 404: Not Found.
http://localhost:9999/admin/solr/index/tei/tei/inscriptions/byz015.xml:
2013-07-12 15:15:24 ERROR 404: Not Found.
http://localhost:9999/admin/solr/index/tei/tei/inscriptions/byz016.xml:
2013-07-12 15:15:24 ERROR 404: Not Found.
http://localhost:9999/admin/solr/index/tei/tei/inscriptions/byz017.xml:
2013-07-12 15:15:24 ERROR 404: Not Found.
http://localhost:9999/admin/solr/index/tei/tei/inscriptions/byz018.xml:
2013-07-12 15:15:24 ERROR 404: Not Found.
http://localhost:9999/admin/solr/index/tei/tei/inscriptions/byz019.xml:
2013-07-12 15:15:24 ERROR 404: Not Found.
http://localhost:9999/admin/solr/index/tei/tei/inscriptions/byz020.xml:
2013-07-12 15:15:24 ERROR 404: Not Found.
http://localhost:9999/admin/solr/index/tei/tei/inscriptions/byz021.1.xml:
2013-07-12 15:15:24 ERROR 404: Not Found.
http://localhost:9999/admin/solr/index/tei/tei/inscriptions/byz021.2.xml:
2013-07-12 15:15:24 ERROR 404: Not Found.
http://localhost:9999/admin/solr/index/tei/tei/inscriptions/byz022.xml:
2013-07-12 15:15:24 ERROR 404: Not Found.
http://localhost:9999/admin/solr/index/tei/tei/inscriptions/byz023.xml:
2013-07-12 15:15:24 ERROR 404: Not Found.
http://localhost:9999/admin/solr/index/tei/tei/inscriptions/byz024.xml:
2013-07-12 15:15:24 ERROR 404: Not Found.
http://localhost:9999/admin/solr/index/tei/tei/inscriptions/byz025.xml:
2013-07-12 15:15:24 ERROR 404: Not Found.
http://localhost:9999/admin/solr/index/tei/tei/inscriptions/byz026.xml:
2013-07-12 15:15:24 ERROR 404: Not Found.
http://localhost:9999/admin/solr/index/tei/tei/inscriptions/byz027.xml:
2013-07-12 15:15:24 ERROR 404: Not Found.
http://localhost:9999/admin/solr/index/tei/tei/inscriptions/byz028.xml:
2013-07-12 15:15:24 ERROR 404: Not Found.
http://localhost:9999/admin/solr/index/tei/tei/inscriptions/byz029.xml:
2013-07-12 15:15:24 ERROR 404: Not Found.
http://localhost:9999/admin/solr/index/tei/tei/inscriptions/byz030.xml:
2013-07-12 15:15:24 ERROR 404: Not Found.
http://localhost:9999/admin/solr/index/tei/tei/inscriptions/byz031.xml:
2013-07-12 15:15:24 ERROR 404: Not Found.
http://localhost:9999/admin/solr/index/tei/tei/inscriptions/byz032.xml:
2013-07-12 15:15:24 ERROR 404: Not Found.
http://localhost:9999/admin/solr/index/tei/tei/inscriptions/byz033.xml:
2013-07-12 15:15:24 ERROR 404: Not Found.
http://localhost:9999/admin/solr/index/tei/tei/inscriptions/byz034.xml:
2013-07-12 15:15:24 ERROR 404: Not Found.
http://localhost:9999/admin/solr/index/tei/tei/inscriptions/byz035.xml:
2013-07-12 15:15:24 ERROR 404: Not Found.
http://localhost:9999/admin/solr/index/tei/tei/inscriptions/byz036.xml:
2013-07-12 15:15:24 ERROR 404: Not Found.
http://localhost:9999/admin/solr/index/tei/tei/inscriptions/byz037.xml:
2013-07-12 15:15:24 ERROR 404: Not Found.
http://localhost:9999/admin/solr/index/tei/tei/inscriptions/byz038.xml:
2013-07-12 15:15:24 ERROR 404: Not Found.
http://localhost:9999/admin/solr/index/tei/tei/inscriptions/byz039.xml:
2013-07-12 15:15:24 ERROR 404: Not Found.
http://localhost:9999/admin/solr/index/tei/tei/inscriptions/byz040.xml:
2013-07-12 15:15:24 ERROR 404: Not Found.
http://localhost:9999/admin/solr/index/tei/tei/inscriptions/byz041.xml:
2013-07-12 15:15:24 ERROR 404: Not Found.
http://localhost:9999/admin/solr/index/tei/tei/inscriptions/byz042.xml:
2013-07-12 15:15:24 ERROR 404: Not Found.
http://localhost:9999/admin/solr/index/tei/tei/inscriptions/byz043.xml:
2013-07-12 15:15:24 ERROR 404: Not Found.
http://localhost:9999/admin/solr/index/tei/tei/inscriptions/byz044.xml:
2013-07-12 15:15:24 ERROR 404: Not Found.
http://localhost:9999/admin/solr/index/tei/tei/inscriptions/byz045.xml:
2013-07-12 15:15:24 ERROR 404: Not Found.
http://localhost:9999/admin/solr/index/tei/tei/inscriptions/byz046.xml:
2013-07-12 15:15:24 ERROR 404: Not Found.
http://localhost:9999/admin/solr/index/tei/tei/inscriptions/byz047.xml:
2013-07-12 15:15:24 ERROR 404: Not Found.
http://localhost:9999/admin/solr/index/tei/tei/inscriptions/byz048.xml:
2013-07-12 15:15:24 ERROR 404: Not Found.
http://localhost:9999/admin/solr/index/tei/tei/inscriptions/byz049.xml:
2013-07-12 15:15:24 ERROR 404: Not Found.
http://localhost:9999/admin/solr/index/tei/tei/inscriptions/byz050.xml:
2013-07-12 15:15:24 ERROR 404: Not Found.
http://localhost:9999/admin/solr/index/tei/tei/inscriptions/byz051.xml:
2013-07-12 15:15:24 ERROR 404: Not Found.
http://localhost:9999/admin/solr/index/tei/tei/inscriptions/byz052.xml:
2013-07-12 15:15:24 ERROR 404: Not Found.
http://localhost:9999/admin/solr/index/tei/tei/inscriptions/byz053.xml:
2013-07-12 15:15:24 ERROR 404: Not Found.
http://localhost:9999/admin/solr/index/tei/tei/inscriptions/byz054.xml:
2013-07-12 15:15:24 ERROR 404: Not Found.
http://localhost:9999/admin/solr/index/tei/tei/inscriptions/byz055.xml:
2013-07-12 15:15:24 ERROR 404: Not Found.
http://localhost:9999/admin/solr/index/tei/tei/inscriptions/byz056.xml:
2013-07-12 15:15:24 ERROR 404: Not Found.
http://localhost:9999/admin/solr/index/tei/tei/inscriptions/byz057.xml:
2013-07-12 15:15:24 ERROR 404: Not Found.
http://localhost:9999/admin/solr/index/tei/tei/inscriptions/byz058.xml:
2013-07-12 15:15:24 ERROR 404: Not Found.
http://localhost:9999/admin/solr/index/tei/tei/inscriptions/byz059.xml:
2013-07-12 15:15:24 ERROR 404: Not Found.
http://localhost:9999/admin/solr/index/tei/tei/inscriptions/byz060.xml:
2013-07-12 15:15:24 ERROR 404: Not Found.
http://localhost:9999/admin/solr/index/tei/tei/inscriptions/byz061.xml:
2013-07-12 15:15:25 ERROR 404: Not Found.
http://localhost:9999/admin/solr/index/tei/tei/inscriptions/byz062.xml:
2013-07-12 15:15:25 ERROR 404: Not Found.
http://localhost:9999/admin/solr/index/tei/tei/inscriptions/byz063.xml:
2013-07-12 15:15:25 ERROR 404: Not Found.
http://localhost:9999/admin/solr/index/tei/tei/inscriptions/byz064.xml:
2013-07-12 15:15:25 ERROR 404: Not Found.
http://localhost:9999/admin/solr/index/tei/tei/inscriptions/byz065.xml:
2013-07-12 15:15:25 ERROR 404: Not Found.
http://localhost:9999/admin/solr/index/tei/tei/inscriptions/byz066.xml:
2013-07-12 15:15:25 ERROR 404: Not Found.
http://localhost:9999/admin/solr/index/tei/tei/inscriptions/byz067.xml:
2013-07-12 15:15:25 ERROR 404: Not Found.
http://localhost:9999/admin/solr/index/tei/tei/inscriptions/byz068.xml:
2013-07-12 15:15:25 ERROR 404: Not Found.
http://localhost:9999/admin/solr/index/tei/tei/inscriptions/byz069.xml:
2013-07-12 15:15:25 ERROR 404: Not Found.
http://localhost:9999/admin/solr/index/tei/tei/inscriptions/byz070.xml:
2013-07-12 15:15:25 ERROR 404: Not Found.
http://localhost:9999/admin/solr/index/tei/tei/inscriptions/byz071.xml:
2013-07-12 15:15:25 ERROR 404: Not Found.
http://localhost:9999/admin/solr/index/tei/tei/inscriptions/byz072.xml:
2013-07-12 15:15:25 ERROR 404: Not Found.
http://localhost:9999/admin/solr/index/tei/tei/inscriptions/byz073.xml:
2013-07-12 15:15:25 ERROR 404: Not Found.
http://localhost:9999/admin/solr/index/tei/tei/inscriptions/byz074.xml:
2013-07-12 15:15:25 ERROR 404: Not Found.
http://localhost:9999/admin/solr/index/tei/tei/inscriptions/byz075.xml:
2013-07-12 15:15:25 ERROR 404: Not Found.
http://localhost:9999/admin/solr/index/tei/tei/inscriptions/byz076.xml:
2013-07-12 15:15:25 ERROR 404: Not Found.
http://localhost:9999/admin/solr/index/tei/tei/inscriptions/byz077.xml:
2013-07-12 15:15:25 ERROR 404: Not Found.
http://localhost:9999/admin/solr/index/tei/tei/inscriptions/byz078.xml:
2013-07-12 15:15:25 ERROR 404: Not Found.
http://localhost:9999/admin/solr/index/tei/tei/inscriptions/byz079.xml:
2013-07-12 15:15:25 ERROR 404: Not Found.
http://localhost:9999/admin/solr/index/tei/tei/inscriptions/byz080.xml:
2013-07-12 15:15:25 ERROR 404: Not Found.
http://localhost:9999/admin/solr/index/tei/tei/inscriptions/byz081.xml:
2013-07-12 15:15:25 ERROR 404: Not Found.
http://localhost:9999/admin/solr/index/tei/tei/inscriptions/byz082.xml:
2013-07-12 15:15:25 ERROR 404: Not Found.
http://localhost:9999/admin/solr/index/tei/tei/inscriptions/byz083.xml:
2013-07-12 15:15:25 ERROR 404: Not Found.
http://localhost:9999/admin/solr/index/tei/tei/inscriptions/byz084.xml:
2013-07-12 15:15:25 ERROR 404: Not Found.
http://localhost:9999/admin/solr/index/tei/tei/inscriptions/byz085.xml:
2013-07-12 15:15:25 ERROR 404: Not Found.
http://localhost:9999/admin/solr/index/tei/tei/inscriptions/byz086.xml:
2013-07-12 15:15:25 ERROR 404: Not Found.
http://localhost:9999/admin/solr/index/tei/tei/inscriptions/byz087.xml:
2013-07-12 15:15:25 ERROR 404: Not Found.
http://localhost:9999/admin/solr/index/tei/tei/inscriptions/byz088.xml:
2013-07-12 15:15:25 ERROR 404: Not Found.
http://localhost:9999/admin/solr/index/tei/tei/inscriptions/byz089.xml:
2013-07-12 15:15:25 ERROR 404: Not Found.
http://localhost:9999/admin/solr/index/tei/tei/inscriptions/byz090.xml:
2013-07-12 15:15:25 ERROR 404: Not Found.
http://localhost:9999/admin/solr/index/tei/tei/inscriptions/byz091.xml:
2013-07-12 15:15:25 ERROR 404: Not Found.
http://localhost:9999/admin/solr/index/tei/tei/inscriptions/byz092.xml:
2013-07-12 15:15:25 ERROR 404: Not Found.
http://localhost:9999/admin/solr/index/tei/tei/inscriptions/byz093.xml:
2013-07-12 15:15:25 ERROR 404: Not Found.
http://localhost:9999/admin/solr/index/tei/tei/inscriptions/byz094.xml:
2013-07-12 15:15:25 ERROR 404: Not Found.
http://localhost:9999/admin/solr/index/tei/tei/inscriptions/byz095.xml:
2013-07-12 15:15:25 ERROR 404: Not Found.
http://localhost:9999/admin/solr/index/tei/tei/inscriptions/byz096.xml:
2013-07-12 15:15:25 ERROR 404: Not Found.
http://localhost:9999/admin/solr/index/tei/tei/inscriptions/byz097.xml:
2013-07-12 15:15:25 ERROR 404: Not Found.
http://localhost:9999/admin/solr/index/tei/tei/inscriptions/byz098.xml:
2013-07-12 15:15:25 ERROR 404: Not Found.
http://localhost:9999/admin/solr/index/tei/tei/inscriptions/byz099.xml:
2013-07-12 15:15:25 ERROR 404: Not Found.
http://localhost:9999/admin/solr/index/tei/tei/inscriptions/byz100.xml:
2013-07-12 15:15:25 ERROR 404: Not Found.
http://localhost:9999/admin/solr/index/tei/tei/inscriptions/byz101.xml:
2013-07-12 15:15:25 ERROR 404: Not Found.
http://localhost:9999/admin/solr/index/tei/tei/inscriptions/byz102.xml:
2013-07-12 15:15:25 ERROR 404: Not Found.
http://localhost:9999/admin/solr/index/tei/tei/inscriptions/byz103.xml:
2013-07-12 15:15:25 ERROR 404: Not Found.
http://localhost:9999/admin/solr/index/tei/tei/inscriptions/byz104.xml:
2013-07-12 15:15:25 ERROR 404: Not Found.
http://localhost:9999/admin/solr/index/tei/tei/inscriptions/byz105.xml:
2013-07-12 15:15:25 ERROR 404: Not Found.
http://localhost:9999/admin/solr/index/tei/tei/inscriptions/byz105a.xml:
2013-07-12 15:15:25 ERROR 404: Not Found.
http://localhost:9999/admin/solr/index/tei/tei/inscriptions/byz106.xml:
2013-07-12 15:15:25 ERROR 404: Not Found.
http://localhost:9999/admin/solr/index/tei/tei/inscriptions/byz107.xml:
2013-07-12 15:15:25 ERROR 404: Not Found.
http://localhost:9999/admin/solr/index/tei/tei/inscriptions/byz108.xml:
2013-07-12 15:15:25 ERROR 404: Not Found.
http://localhost:9999/admin/solr/index/tei/tei/inscriptions/byz109.xml:
2013-07-12 15:15:25 ERROR 404: Not Found.
http://localhost:9999/admin/solr/index/tei/tei/inscriptions/byz110.xml:
2013-07-12 15:15:25 ERROR 404: Not Found.
http://localhost:9999/admin/solr/index/tei/tei/inscriptions/byz111.xml:
2013-07-12 15:15:25 ERROR 404: Not Found.
http://localhost:9999/admin/solr/index/tei/tei/inscriptions/byz112.xml:
2013-07-12 15:15:25 ERROR 404: Not Found.
http://localhost:9999/admin/solr/index/tei/tei/inscriptions/byz113.xml:
2013-07-12 15:15:25 ERROR 404: Not Found.
http://localhost:9999/admin/solr/index/tei/tei/inscriptions/byz114.xml:
2013-07-12 15:15:25 ERROR 404: Not Found.
http://localhost:9999/admin/solr/index/tei/tei/inscriptions/byz115.xml:
2013-07-12 15:15:25 ERROR 404: Not Found.
http://localhost:9999/admin/solr/index/tei/tei/inscriptions/byz116.xml:
2013-07-12 15:15:25 ERROR 404: Not Found.
http://localhost:9999/admin/solr/index/tei/tei/inscriptions/byz117.xml:
2013-07-12 15:15:25 ERROR 404: Not Found.
http://localhost:9999/admin/solr/index/tei/tei/inscriptions/byz118.xml:
2013-07-12 15:15:25 ERROR 404: Not Found.
http://localhost:9999/admin/solr/index/tei/tei/inscriptions/byz119.xml:
2013-07-12 15:15:25 ERROR 404: Not Found.
http://localhost:9999/admin/solr/index/tei/tei/inscriptions/byz120.xml:
2013-07-12 15:15:25 ERROR 404: Not Found.
http://localhost:9999/admin/solr/index/tei/tei/inscriptions/byz121.xml:
2013-07-12 15:15:25 ERROR 404: Not Found.
http://localhost:9999/admin/solr/index/tei/tei/inscriptions/byz122.xml:
2013-07-12 15:15:25 ERROR 404: Not Found.
http://localhost:9999/admin/solr/index/tei/tei/inscriptions/byz123.xml:
2013-07-12 15:15:25 ERROR 404: Not Found.
http://localhost:9999/admin/solr/index/tei/tei/inscriptions/byz124.xml:
2013-07-12 15:15:25 ERROR 404: Not Found.
http://localhost:9999/admin/solr/index/tei/tei/inscriptions/byz125.xml:
2013-07-12 15:15:25 ERROR 404: Not Found.
http://localhost:9999/admin/solr/index/tei/tei/inscriptions/byz126.xml:
2013-07-12 15:15:25 ERROR 404: Not Found.
http://localhost:9999/admin/solr/index/tei/tei/inscriptions/byz127.xml:
2013-07-12 15:15:25 ERROR 404: Not Found.
http://localhost:9999/admin/solr/index/tei/tei/inscriptions/byz128.xml:
2013-07-12 15:15:25 ERROR 404: Not Found.
http://localhost:9999/admin/solr/index/tei/tei/inscriptions/byz129.xml:
2013-07-12 15:15:25 ERROR 404: Not Found.
http://localhost:9999/admin/solr/index/tei/tei/inscriptions/byz130.xml:
2013-07-12 15:15:25 ERROR 404: Not Found.
http://localhost:9999/admin/solr/index/tei/tei/inscriptions/byz131.xml:
2013-07-12 15:15:25 ERROR 404: Not Found.
http://localhost:9999/admin/solr/index/tei/tei/inscriptions/byz132.xml:
2013-07-12 15:15:25 ERROR 404: Not Found.
http://localhost:9999/admin/solr/index/tei/tei/inscriptions/byz133.xml:
2013-07-12 15:15:26 ERROR 404: Not Found.
http://localhost:9999/admin/solr/index/tei/tei/inscriptions/byz134.xml:
2013-07-12 15:15:26 ERROR 404: Not Found.
http://localhost:9999/admin/solr/index/tei/tei/inscriptions/byz135.xml:
2013-07-12 15:15:26 ERROR 404: Not Found.
http://localhost:9999/admin/solr/index/tei/tei/inscriptions/byz136.xml:
2013-07-12 15:15:26 ERROR 404: Not Found.
http://localhost:9999/admin/solr/index/tei/tei/inscriptions/byz137.xml:
2013-07-12 15:15:26 ERROR 404: Not Found.
http://localhost:9999/admin/solr/index/tei/tei/inscriptions/byz138.xml:
2013-07-12 15:15:26 ERROR 404: Not Found.
http://localhost:9999/admin/solr/index/tei/tei/inscriptions/byz139.xml:
2013-07-12 15:15:26 ERROR 404: Not Found.
http://localhost:9999/admin/solr/index/tei/tei/inscriptions/byz140.xml:
2013-07-12 15:15:26 ERROR 404: Not Found.
http://localhost:9999/admin/solr/index/tei/tei/inscriptions/byz141.xml:
2013-07-12 15:15:26 ERROR 404: Not Found.
http://localhost:9999/admin/solr/index/tei/tei/inscriptions/byz142.xml:
2013-07-12 15:15:26 ERROR 404: Not Found.
http://localhost:9999/admin/solr/index/tei/tei/inscriptions/byz143.xml:
2013-07-12 15:15:26 ERROR 404: Not Found.
http://localhost:9999/admin/solr/index/tei/tei/inscriptions/byz144.xml:
2013-07-12 15:15:26 ERROR 404: Not Found.
http://localhost:9999/admin/solr/index/tei/tei/inscriptions/byz145.xml:
2013-07-12 15:15:26 ERROR 404: Not Found.
http://localhost:9999/admin/solr/index/tei/tei/inscriptions/byz146.xml:
2013-07-12 15:15:26 ERROR 404: Not Found.
http://localhost:9999/admin/solr/index/tei/tei/inscriptions/byz147.xml:
2013-07-12 15:15:26 ERROR 404: Not Found.
http://localhost:9999/admin/solr/index/tei/tei/inscriptions/byz148.xml:
2013-07-12 15:15:26 ERROR 404: Not Found.
http://localhost:9999/admin/solr/index/tei/tei/inscriptions/byz149.xml:
2013-07-12 15:15:26 ERROR 404: Not Found.
http://localhost:9999/admin/solr/index/tei/tei/inscriptions/byz150.xml:
2013-07-12 15:15:26 ERROR 404: Not Found.
http://localhost:9999/admin/solr/index/tei/tei/inscriptions/byz151.xml:
2013-07-12 15:15:26 ERROR 404: Not Found.
http://localhost:9999/admin/solr/index/tei/tei/inscriptions/byz152.xml:
2013-07-12 15:15:26 ERROR 404: Not Found.
http://localhost:9999/admin/solr/index/tei/tei/inscriptions/byz153.xml:
2013-07-12 15:15:26 ERROR 404: Not Found.
http://localhost:9999/admin/solr/index/tei/tei/inscriptions/byz154.xml:
2013-07-12 15:15:26 ERROR 404: Not Found.
http://localhost:9999/admin/solr/index/tei/tei/inscriptions/byz155.xml:
2013-07-12 15:15:26 ERROR 404: Not Found.
http://localhost:9999/admin/solr/index/tei/tei/inscriptions/byz156.xml:
2013-07-12 15:15:26 ERROR 404: Not Found.
http://localhost:9999/admin/solr/index/tei/tei/inscriptions/byz157.xml:
2013-07-12 15:15:26 ERROR 404: Not Found.
http://localhost:9999/admin/solr/index/tei/tei/inscriptions/byz158.xml:
2013-07-12 15:15:26 ERROR 404: Not Found.
http://localhost:9999/admin/solr/index/tei/tei/inscriptions/byz159.xml:
2013-07-12 15:15:26 ERROR 404: Not Found.
http://localhost:9999/admin/solr/index/tei/tei/inscriptions/byz160.xml:
2013-07-12 15:15:26 ERROR 404: Not Found.
http://localhost:9999/admin/solr/index/tei/tei/inscriptions/byz161.xml:
2013-07-12 15:15:26 ERROR 404: Not Found.
http://localhost:9999/admin/solr/index/tei/tei/inscriptions/byz162.xml:
2013-07-12 15:15:26 ERROR 404: Not Found.
http://localhost:9999/admin/solr/index/tei/tei/inscriptions/byz163.xml:
2013-07-12 15:15:26 ERROR 404: Not Found.
http://localhost:9999/admin/solr/index/tei/tei/inscriptions/byz164.xml:
2013-07-12 15:15:26 ERROR 404: Not Found.
http://localhost:9999/admin/solr/index/tei/tei/inscriptions/byz165.xml:
2013-07-12 15:15:26 ERROR 404: Not Found.
http://localhost:9999/admin/solr/index/tei/tei/inscriptions/byz166.xml:
2013-07-12 15:15:26 ERROR 404: Not Found.
http://localhost:9999/admin/solr/index/tei/tei/inscriptions/byz167.xml:
2013-07-12 15:15:26 ERROR 404: Not Found.
http://localhost:9999/admin/solr/index/tei/tei/inscriptions/byz168.xml:
2013-07-12 15:15:26 ERROR 404: Not Found.
http://localhost:9999/admin/solr/index/tei/tei/inscriptions/byz169.xml:
2013-07-12 15:15:26 ERROR 404: Not Found.
http://localhost:9999/admin/solr/index/tei/tei/inscriptions/byz170.xml:
2013-07-12 15:15:26 ERROR 404: Not Found.
http://localhost:9999/admin/solr/index/tei/tei/inscriptions/byz171.xml:
2013-07-12 15:15:26 ERROR 404: Not Found.
http://localhost:9999/admin/solr/index/tei/tei/inscriptions/byz172.xml:
2013-07-12 15:15:26 ERROR 404: Not Found.
http://localhost:9999/admin/solr/index/tei/tei/inscriptions/byz173.xml:
2013-07-12 15:15:26 ERROR 404: Not Found.
http://localhost:9999/admin/solr/index/tei/tei/inscriptions/byz174.xml:
2013-07-12 15:15:26 ERROR 404: Not Found.
http://localhost:9999/admin/solr/index/tei/tei/inscriptions/byz175.xml:
2013-07-12 15:15:26 ERROR 404: Not Found.
http://localhost:9999/admin/solr/index/tei/tei/inscriptions/byz176.xml:
2013-07-12 15:15:26 ERROR 404: Not Found.
http://localhost:9999/admin/solr/index/tei/tei/inscriptions/byz176a.xml:
2013-07-12 15:15:26 ERROR 404: Not Found.
http://localhost:9999/admin/solr/index/tei/tei/inscriptions/byz177.xml:
2013-07-12 15:15:26 ERROR 404: Not Found.
http://localhost:9999/admin/solr/index/tei/tei/inscriptions/byz178.xml:
2013-07-12 15:15:26 ERROR 404: Not Found.
http://localhost:9999/admin/solr/index/tei/tei/inscriptions/byz179.xml:
2013-07-12 15:15:26 ERROR 404: Not Found.
http://localhost:9999/admin/solr/index/tei/tei/inscriptions/byz180.xml:
2013-07-12 15:15:26 ERROR 404: Not Found.
http://localhost:9999/admin/solr/index/tei/tei/inscriptions/byz181.xml:
2013-07-12 15:15:26 ERROR 404: Not Found.
http://localhost:9999/admin/solr/index/tei/tei/inscriptions/byz181a.xml:
2013-07-12 15:15:26 ERROR 404: Not Found.
http://localhost:9999/admin/solr/index/tei/tei/inscriptions/byz182.xml:
2013-07-12 15:15:26 ERROR 404: Not Found.
http://localhost:9999/admin/solr/index/tei/tei/inscriptions/byz183.xml:
2013-07-12 15:15:26 ERROR 404: Not Found.
http://localhost:9999/admin/solr/index/tei/tei/inscriptions/byz184.xml:
2013-07-12 15:15:26 ERROR 404: Not Found.
http://localhost:9999/admin/solr/index/tei/tei/inscriptions/byz185.xml:
2013-07-12 15:15:26 ERROR 404: Not Found.
http://localhost:9999/admin/solr/index/tei/tei/inscriptions/byz186.xml:
2013-07-12 15:15:26 ERROR 404: Not Found.
http://localhost:9999/admin/solr/index/tei/tei/inscriptions/byz186a.xml:
2013-07-12 15:15:26 ERROR 404: Not Found.
http://localhost:9999/admin/solr/index/tei/tei/inscriptions/byz187.xml:
2013-07-12 15:15:26 ERROR 404: Not Found.
http://localhost:9999/admin/solr/index/tei/tei/inscriptions/byz188.xml:
2013-07-12 15:15:26 ERROR 404: Not Found.
http://localhost:9999/admin/solr/index/tei/tei/inscriptions/byz189.xml:
2013-07-12 15:15:26 ERROR 404: Not Found.
http://localhost:9999/admin/solr/index/tei/tei/inscriptions/byz190.xml:
2013-07-12 15:15:26 ERROR 404: Not Found.
http://localhost:9999/admin/solr/index/tei/tei/inscriptions/byz191.xml:
2013-07-12 15:15:26 ERROR 404: Not Found.
http://localhost:9999/admin/solr/index/tei/tei/inscriptions/byz192.xml:
2013-07-12 15:15:26 ERROR 404: Not Found.
http://localhost:9999/admin/solr/index/tei/tei/inscriptions/byz193.xml:
2013-07-12 15:15:26 ERROR 404: Not Found.
http://localhost:9999/admin/solr/index/tei/tei/inscriptions/byz194.xml:
2013-07-12 15:15:26 ERROR 404: Not Found.
http://localhost:9999/admin/solr/index/tei/tei/inscriptions/byz195.xml:
2013-07-12 15:15:26 ERROR 404: Not Found.
http://localhost:9999/admin/solr/index/tei/tei/inscriptions/byz196.xml:
2013-07-12 15:15:26 ERROR 404: Not Found.
http://localhost:9999/admin/solr/index/tei/tei/inscriptions/byz197.xml:
2013-07-12 15:15:26 ERROR 404: Not Found.
http://localhost:9999/admin/solr/index/tei/tei/inscriptions/byz198.xml:
2013-07-12 15:15:26 ERROR 404: Not Found.
http://localhost:9999/admin/solr/index/tei/tei/inscriptions/byz199.xml:
2013-07-12 15:15:26 ERROR 404: Not Found.
http://localhost:9999/admin/solr/index/tei/tei/inscriptions/byz200.xml:
2013-07-12 15:15:26 ERROR 404: Not Found.
http://localhost:9999/admin/solr/index/tei/tei/inscriptions/byz201.xml:
2013-07-12 15:15:26 ERROR 404: Not Found.
http://localhost:9999/admin/solr/index/tei/tei/inscriptions/byz202.xml:
2013-07-12 15:15:26 ERROR 404: Not Found.
http://localhost:9999/admin/solr/index/tei/tei/inscriptions/byz203.xml:
2013-07-12 15:15:26 ERROR 404: Not Found.
http://localhost:9999/admin/solr/index/tei/tei/inscriptions/byz204.xml:
2013-07-12 15:15:27 ERROR 404: Not Found.
http://localhost:9999/admin/solr/index/tei/tei/inscriptions/byz205.xml:
2013-07-12 15:15:27 ERROR 404: Not Found.
http://localhost:9999/admin/solr/index/tei/tei/inscriptions/byz206.xml:
2013-07-12 15:15:27 ERROR 404: Not Found.
http://localhost:9999/admin/solr/index/tei/tei/inscriptions/byz207.xml:
2013-07-12 15:15:27 ERROR 404: Not Found.
http://localhost:9999/admin/solr/index/tei/tei/inscriptions/byz208.xml:
2013-07-12 15:15:27 ERROR 404: Not Found.
http://localhost:9999/admin/solr/index/tei/tei/inscriptions/byz209.xml:
2013-07-12 15:15:27 ERROR 404: Not Found.
http://localhost:9999/admin/solr/index/tei/tei/inscriptions/byz210.xml:
2013-07-12 15:15:27 ERROR 404: Not Found.
http://localhost:9999/admin/solr/index/tei/tei/inscriptions/byz211.xml:
2013-07-12 15:15:27 ERROR 404: Not Found.
http://localhost:9999/admin/solr/index/tei/tei/inscriptions/byz212.xml:
2013-07-12 15:15:27 ERROR 404: Not Found.
http://localhost:9999/admin/solr/index/tei/tei/inscriptions/byz213.xml:
2013-07-12 15:15:27 ERROR 404: Not Found.
http://localhost:9999/admin/solr/index/tei/tei/inscriptions/byz214.xml:
2013-07-12 15:15:27 ERROR 404: Not Found.
http://localhost:9999/admin/solr/index/tei/tei/inscriptions/byz215.xml:
2013-07-12 15:15:27 ERROR 404: Not Found.
http://localhost:9999/admin/solr/index/tei/tei/inscriptions/byz216.xml:
2013-07-12 15:15:27 ERROR 404: Not Found.
http://localhost:9999/admin/solr/index/tei/tei/inscriptions/byz217.xml:
2013-07-12 15:15:27 ERROR 404: Not Found.
http://localhost:9999/admin/solr/index/tei/tei/inscriptions/byz218.xml:
2013-07-12 15:15:27 ERROR 404: Not Found.
http://localhost:9999/admin/solr/index/tei/tei/inscriptions/byz219.xml:
2013-07-12 15:15:27 ERROR 404: Not Found.
http://localhost:9999/admin/solr/index/tei/tei/inscriptions/byz220.xml:
2013-07-12 15:15:27 ERROR 404: Not Found.
http://localhost:9999/admin/solr/index/tei/tei/inscriptions/byz221.xml:
2013-07-12 15:15:27 ERROR 404: Not Found.
http://localhost:9999/admin/solr/index/tei/tei/inscriptions/byz222.xml:
2013-07-12 15:15:27 ERROR 404: Not Found.
http://localhost:9999/admin/solr/index/tei/tei/inscriptions/byz223.xml:
2013-07-12 15:15:27 ERROR 404: Not Found.
http://localhost:9999/admin/solr/index/tei/tei/inscriptions/byz224.xml:
2013-07-12 15:15:27 ERROR 404: Not Found.
http://localhost:9999/admin/solr/index/tei/tei/inscriptions/byz225.xml:
2013-07-12 15:15:27 ERROR 404: Not Found.
http://localhost:9999/admin/solr/index/tei/tei/inscriptions/byz226.xml:
2013-07-12 15:15:27 ERROR 404: Not Found.
http://localhost:9999/admin/solr/index/tei/tei/inscriptions/byz227.xml:
2013-07-12 15:15:27 ERROR 404: Not Found.
http://localhost:9999/admin/solr/index/tei/tei/inscriptions/byz228.xml:
2013-07-12 15:15:27 ERROR 404: Not Found.
http://localhost:9999/admin/solr/index/tei/tei/inscriptions/byz229.xml:
2013-07-12 15:15:27 ERROR 404: Not Found.
http://localhost:9999/admin/solr/index/tei/tei/inscriptions/byz230.xml:
2013-07-12 15:15:27 ERROR 404: Not Found.
http://localhost:9999/admin/solr/index/tei/tei/inscriptions/byz231.xml:
2013-07-12 15:15:27 ERROR 404: Not Found.
http://localhost:9999/admin/solr/index/tei/tei/inscriptions/byz232.xml:
2013-07-12 15:15:27 ERROR 404: Not Found.
http://localhost:9999/admin/solr/index/tei/tei/inscriptions/byz233.xml:
2013-07-12 15:15:27 ERROR 404: Not Found.
http://localhost:9999/admin/solr/index/tei/tei/inscriptions/byz234.xml:
2013-07-12 15:15:27 ERROR 404: Not Found.
http://localhost:9999/admin/solr/index/tei/tei/inscriptions/byz235.xml:
2013-07-12 15:15:27 ERROR 404: Not Found.
http://localhost:9999/admin/solr/index/tei/tei/inscriptions/byz236.xml:
2013-07-12 15:15:27 ERROR 404: Not Found.
http://localhost:9999/admin/solr/index/tei/tei/inscriptions/byz237.xml:
2013-07-12 15:15:27 ERROR 404: Not Found.
http://localhost:9999/admin/solr/index/tei/tei/inscriptions/byz238.xml:
2013-07-12 15:15:27 ERROR 404: Not Found.
http://localhost:9999/admin/solr/index/tei/tei/inscriptions/byz239.xml:
2013-07-12 15:15:27 ERROR 404: Not Found.
http://localhost:9999/admin/solr/index/tei/tei/inscriptions/byz240.xml:
2013-07-12 15:15:27 ERROR 404: Not Found.
http://localhost:9999/admin/solr/index/tei/tei/inscriptions/byz241.xml:
2013-07-12 15:15:27 ERROR 404: Not Found.
http://localhost:9999/admin/solr/index/tei/tei/inscriptions/byz242.xml:
2013-07-12 15:15:27 ERROR 404: Not Found.
http://localhost:9999/admin/solr/index/tei/tei/inscriptions/byz243.xml:
2013-07-12 15:15:27 ERROR 404: Not Found.
http://localhost:9999/admin/solr/index/tei/tei/inscriptions/byz244.xml:
2013-07-12 15:15:27 ERROR 404: Not Found.
http://localhost:9999/admin/solr/index/tei/tei/inscriptions/byz245.xml:
2013-07-12 15:15:27 ERROR 404: Not Found.
http://localhost:9999/admin/solr/index/tei/tei/inscriptions/byz246.xml:
2013-07-12 15:15:27 ERROR 404: Not Found.
http://localhost:9999/admin/solr/index/tei/tei/inscriptions/byz247.xml:
2013-07-12 15:15:27 ERROR 404: Not Found.
http://localhost:9999/admin/solr/index/tei/tei/inscriptions/byz248.xml:
2013-07-12 15:15:27 ERROR 404: Not Found.
http://localhost:9999/admin/solr/index/tei/tei/inscriptions/byz249.xml:
2013-07-12 15:15:27 ERROR 404: Not Found.
http://localhost:9999/admin/solr/index/tei/tei/inscriptions/byz250.xml:
2013-07-12 15:15:27 ERROR 404: Not Found.
http://localhost:9999/admin/solr/index/tei/tei/inscriptions/byz250a.xml:
2013-07-12 15:15:27 ERROR 404: Not Found.
http://localhost:9999/admin/solr/index/tei/tei/inscriptions/byz251.xml:
2013-07-12 15:15:27 ERROR 404: Not Found.
http://localhost:9999/admin/solr/index/tei/tei/inscriptions/byz252.xml:
2013-07-12 15:15:27 ERROR 404: Not Found.
http://localhost:9999/admin/solr/index/tei/tei/inscriptions/byz253.xml:
2013-07-12 15:15:27 ERROR 404: Not Found.
http://localhost:9999/admin/solr/index/tei/tei/inscriptions/byz254.xml:
2013-07-12 15:15:27 ERROR 404: Not Found.
http://localhost:9999/admin/solr/index/tei/tei/inscriptions/byz255.xml:
2013-07-12 15:15:27 ERROR 404: Not Found.
http://localhost:9999/admin/solr/index/tei/tei/inscriptions/byz256.xml:
2013-07-12 15:15:27 ERROR 404: Not Found.
http://localhost:9999/admin/solr/index/tei/tei/inscriptions/byz257.xml:
2013-07-12 15:15:27 ERROR 404: Not Found.
http://localhost:9999/admin/solr/index/tei/tei/inscriptions/byz258.xml:
2013-07-12 15:15:27 ERROR 404: Not Found.
http://localhost:9999/admin/solr/index/tei/tei/inscriptions/byz259.xml:
2013-07-12 15:15:27 ERROR 404: Not Found.
http://localhost:9999/admin/solr/index/tei/tei/inscriptions/byz260.xml:
2013-07-12 15:15:27 ERROR 404: Not Found.
http://localhost:9999/admin/solr/index/tei/tei/inscriptions/byz261.xml:
2013-07-12 15:15:27 ERROR 404: Not Found.
http://localhost:9999/admin/solr/index/tei/tei/inscriptions/byz262.xml:
2013-07-12 15:15:27 ERROR 404: Not Found.
http://localhost:9999/admin/solr/index/tei/tei/inscriptions/byz263.xml:
2013-07-12 15:15:27 ERROR 404: Not Found.
http://localhost:9999/admin/solr/index/tei/tei/inscriptions/byz264.xml:
2013-07-12 15:15:27 ERROR 404: Not Found.
http://localhost:9999/admin/solr/index/tei/tei/inscriptions/byz265.xml:
2013-07-12 15:15:27 ERROR 404: Not Found.
http://localhost:9999/admin/solr/index/tei/tei/inscriptions/byz266.xml:
2013-07-12 15:15:27 ERROR 404: Not Found.
http://localhost:9999/admin/solr/index/tei/tei/inscriptions/byz267.xml:
2013-07-12 15:15:27 ERROR 404: Not Found.
http://localhost:9999/admin/solr/index/tei/tei/inscriptions/byz268.xml:
2013-07-12 15:15:27 ERROR 404: Not Found.
http://localhost:9999/admin/solr/index/tei/tei/inscriptions/byz269.xml:
2013-07-12 15:15:27 ERROR 404: Not Found.
http://localhost:9999/admin/solr/index/tei/tei/inscriptions/byz270.xml:
2013-07-12 15:15:27 ERROR 404: Not Found.
http://localhost:9999/admin/solr/index/tei/tei/inscriptions/byz271.xml:
2013-07-12 15:15:27 ERROR 404: Not Found.
http://localhost:9999/admin/solr/index/tei/tei/inscriptions/byz272.xml:
2013-07-12 15:15:27 ERROR 404: Not Found.
http://localhost:9999/admin/solr/index/tei/tei/inscriptions/byz273.xml:
2013-07-12 15:15:27 ERROR 404: Not Found.
http://localhost:9999/admin/solr/index/tei/tei/inscriptions/byz274.xml:
2013-07-12 15:15:27 ERROR 404: Not Found.
http://localhost:9999/admin/solr/index/tei/tei/inscriptions/byz275.xml:
2013-07-12 15:15:27 ERROR 404: Not Found.
http://localhost:9999/admin/solr/index/tei/tei/inscriptions/byz276.xml:
2013-07-12 15:15:27 ERROR 404: Not Found.
http://localhost:9999/admin/solr/index/tei/tei/inscriptions/byz277.xml:
2013-07-12 15:15:28 ERROR 404: Not Found.
http://localhost:9999/admin/solr/index/tei/tei/inscriptions/byz278.xml:
2013-07-12 15:15:28 ERROR 404: Not Found.
http://localhost:9999/admin/solr/index/tei/tei/inscriptions/byz279.xml:
2013-07-12 15:15:28 ERROR 404: Not Found.
http://localhost:9999/admin/solr/index/tei/tei/inscriptions/byz280.xml:
2013-07-12 15:15:28 ERROR 404: Not Found.
http://localhost:9999/admin/solr/index/tei/tei/inscriptions/byz281.xml:
2013-07-12 15:15:28 ERROR 404: Not Found.
http://localhost:9999/admin/solr/index/tei/tei/inscriptions/byz282.xml:
2013-07-12 15:15:28 ERROR 404: Not Found.
http://localhost:9999/admin/solr/index/tei/tei/inscriptions/byz283.xml:
2013-07-12 15:15:28 ERROR 404: Not Found.
http://localhost:9999/admin/solr/index/tei/tei/inscriptions/byz284.xml:
2013-07-12 15:15:28 ERROR 404: Not Found.
http://localhost:9999/admin/solr/index/tei/tei/inscriptions/byz285.xml:
2013-07-12 15:15:28 ERROR 404: Not Found.
http://localhost:9999/admin/solr/index/tei/tei/inscriptions/byz286.xml:
2013-07-12 15:15:28 ERROR 404: Not Found.
http://localhost:9999/admin/solr/index/tei/tei/inscriptions/byz287.xml:
2013-07-12 15:15:28 ERROR 404: Not Found.
http://localhost:9999/admin/solr/index/tei/tei/inscriptions/byz288.xml:
2013-07-12 15:15:28 ERROR 404: Not Found.
http://localhost:9999/admin/solr/index/tei/tei/inscriptions/byz289.xml:
2013-07-12 15:15:28 ERROR 404: Not Found.
http://localhost:9999/admin/solr/index/tei/tei/inscriptions/byz290.xml:
2013-07-12 15:15:28 ERROR 404: Not Found.
http://localhost:9999/admin/solr/index/tei/tei/inscriptions/byz291.xml:
2013-07-12 15:15:28 ERROR 404: Not Found.
http://localhost:9999/admin/solr/index/tei/tei/inscriptions/byz292.xml:
2013-07-12 15:15:28 ERROR 404: Not Found.
http://localhost:9999/admin/solr/index/tei/tei/inscriptions/byz293.xml:
2013-07-12 15:15:28 ERROR 404: Not Found.
http://localhost:9999/admin/solr/index/tei/tei/inscriptions/byz294.xml:
2013-07-12 15:15:28 ERROR 404: Not Found.
http://localhost:9999/admin/solr/index/tei/tei/inscriptions/byz295.xml:
2013-07-12 15:15:28 ERROR 404: Not Found.
http://localhost:9999/admin/solr/index/tei/tei/inscriptions/byz296.xml:
2013-07-12 15:15:28 ERROR 404: Not Found.
http://localhost:9999/admin/solr/index/tei/tei/inscriptions/byz297.xml:
2013-07-12 15:15:28 ERROR 404: Not Found.
http://localhost:9999/admin/solr/index/tei/tei/inscriptions/byz298.xml:
2013-07-12 15:15:28 ERROR 404: Not Found.
http://localhost:9999/admin/solr/index/tei/tei/inscriptions/byz299.xml:
2013-07-12 15:15:28 ERROR 404: Not Found.
http://localhost:9999/admin/solr/index/tei/tei/inscriptions/byz300.xml:
2013-07-12 15:15:28 ERROR 404: Not Found.
http://localhost:9999/admin/solr/index/tei/tei/inscriptions/byz301.xml:
2013-07-12 15:15:28 ERROR 404: Not Found.
http://localhost:9999/admin/solr/index/tei/tei/inscriptions/byz302.xml:
2013-07-12 15:15:28 ERROR 404: Not Found.
http://localhost:9999/admin/solr/index/tei/tei/inscriptions/byz303.xml:
2013-07-12 15:15:28 ERROR 404: Not Found.
http://localhost:9999/admin/solr/index/tei/tei/inscriptions/byz304.xml:
2013-07-12 15:15:28 ERROR 404: Not Found.
http://localhost:9999/admin/solr/index/tei/tei/inscriptions/byz305.xml:
2013-07-12 15:15:28 ERROR 404: Not Found.
http://localhost:9999/admin/solr/index/tei/tei/inscriptions/byz306.xml:
2013-07-12 15:15:28 ERROR 404: Not Found.
http://localhost:9999/admin/solr/index/tei/tei/inscriptions/byz307.xml:
2013-07-12 15:15:28 ERROR 404: Not Found.
http://localhost:9999/admin/solr/index/tei/tei/inscriptions/byz307a.xml:
2013-07-12 15:15:28 ERROR 404: Not Found.
http://localhost:9999/admin/solr/index/tei/tei/inscriptions/byz308.xml:
2013-07-12 15:15:28 ERROR 404: Not Found.
http://localhost:9999/admin/solr/index/tei/tei/inscriptions/byz309.xml:
2013-07-12 15:15:28 ERROR 404: Not Found.
http://localhost:9999/admin/solr/index/tei/tei/inscriptions/byz310.xml:
2013-07-12 15:15:28 ERROR 404: Not Found.
http://localhost:9999/admin/solr/index/tei/tei/inscriptions/byz311.xml:
2013-07-12 15:15:28 ERROR 404: Not Found.
http://localhost:9999/admin/solr/index/tei/tei/inscriptions/byz312.xml:
2013-07-12 15:15:28 ERROR 404: Not Found.
http://localhost:9999/admin/solr/index/tei/tei/inscriptions/byz313.xml:
2013-07-12 15:15:28 ERROR 404: Not Found.
http://localhost:9999/admin/solr/index/tei/tei/inscriptions/byz314.xml:
2013-07-12 15:15:28 ERROR 404: Not Found.
http://localhost:9999/admin/solr/index/tei/tei/inscriptions/byz315.xml:
2013-07-12 15:15:28 ERROR 404: Not Found.
http://localhost:9999/admin/solr/index/tei/tei/inscriptions/byz316.xml:
2013-07-12 15:15:28 ERROR 404: Not Found.
http://localhost:9999/admin/solr/index/tei/tei/inscriptions/byz317.xml:
2013-07-12 15:15:28 ERROR 404: Not Found.
http://localhost:9999/admin/solr/index/tei/tei/inscriptions/byz318.xml:
2013-07-12 15:15:28 ERROR 404: Not Found.
http://localhost:9999/admin/solr/index/tei/tei/inscriptions/byz319.xml:
2013-07-12 15:15:28 ERROR 404: Not Found.
http://localhost:9999/admin/solr/index/tei/tei/inscriptions/byz320.xml:
2013-07-12 15:15:28 ERROR 404: Not Found.
http://localhost:9999/admin/solr/index/tei/tei/inscriptions/byz321.xml:
2013-07-12 15:15:28 ERROR 404: Not Found.
http://localhost:9999/admin/solr/index/tei/tei/inscriptions/byz322.xml:
2013-07-12 15:15:28 ERROR 404: Not Found.
http://localhost:9999/admin/solr/index/tei/tei/inscriptions/byz323.xml:
2013-07-12 15:15:28 ERROR 404: Not Found.
http://localhost:9999/admin/solr/index/tei/tei/inscriptions/byz324.xml:
2013-07-12 15:15:28 ERROR 404: Not Found.
http://localhost:9999/admin/solr/index/tei/tei/inscriptions/byz325.xml:
2013-07-12 15:15:28 ERROR 404: Not Found.
http://localhost:9999/admin/solr/index/tei/tei/inscriptions/byz325a.xml:
2013-07-12 15:15:28 ERROR 404: Not Found.
http://localhost:9999/admin/solr/index/tei/tei/inscriptions/byz326.xml:
2013-07-12 15:15:28 ERROR 404: Not Found.
http://localhost:9999/admin/solr/index/tei/tei/inscriptions/byz327.xml:
2013-07-12 15:15:28 ERROR 404: Not Found.
http://localhost:9999/admin/solr/index/tei/tei/inscriptions/byz328.xml:
2013-07-12 15:15:28 ERROR 404: Not Found.
http://localhost:9999/admin/solr/index/tei/tei/inscriptions/byz329.xml:
2013-07-12 15:15:28 ERROR 404: Not Found.
http://localhost:9999/admin/solr/index/tei/tei/inscriptions/byz330.xml:
2013-07-12 15:15:28 ERROR 404: Not Found.
http://localhost:9999/admin/solr/index/tei/tei/inscriptions/byz331.xml:
2013-07-12 15:15:28 ERROR 404: Not Found.
http://localhost:9999/admin/solr/index/tei/tei/inscriptions/byz332.xml:
2013-07-12 15:15:28 ERROR 404: Not Found.
http://localhost:9999/admin/solr/index/tei/tei/inscriptions/byz333.xml:
2013-07-12 15:15:28 ERROR 404: Not Found.
http://localhost:9999/admin/solr/index/tei/tei/inscriptions/byz334.xml:
2013-07-12 15:15:28 ERROR 404: Not Found.
http://localhost:9999/admin/solr/index/tei/tei/inscriptions/byz335.xml:
2013-07-12 15:15:28 ERROR 404: Not Found.
http://localhost:9999/admin/solr/index/tei/tei/introductions/attestedpersontable.xml:
2013-07-12 15:15:28 ERROR 404: Not Found.
http://localhost:9999/admin/solr/index/tei/tei/introductions/byzantine.xml:
2013-07-12 15:15:28 ERROR 404: Not Found.
http://localhost:9999/admin/solr/index/tei/tei/landings/byzantine.xml:
2013-07-12 15:15:28 ERROR 404: Not Found.
http://localhost:9999/admin/solr/index/tei/tei/latest/events.xml:
2013-07-12 15:15:28 ERROR 404: Not Found.
http://localhost:9999/admin/solr/index/tei/tei/latest/index.xml:
2013-07-12 15:15:28 ERROR 404: Not Found.
http://localhost:9999/admin/solr/index/tei/tei/latest/presentation.xml:
2013-07-12 15:15:28 ERROR 404: Not Found.
http://localhost:9999/admin/solr/index/tei/tei/latest/publications.xml:
2013-07-12 15:15:28 ERROR 404: Not Found.
http://localhost:9999/admin/solr/index/tei/tei/nadpisi/index.xml:
2013-07-12 15:15:28 ERROR 404: Not Found.
http://localhost:9999/admin/solr/index/tei/tei/project/calendar.xml:
2013-07-12 15:15:29 ERROR 404: Not Found.
http://localhost:9999/admin/solr/index/tei/tei/project/contact.xml:
2013-07-12 15:15:29 ERROR 404: Not Found.
http://localhost:9999/admin/solr/index/tei/tei/project/index.xml:
2013-07-12 15:15:29 ERROR 404: Not Found.
http://localhost:9999/admin/solr/index/tei/tei/project/sponsors.xml:
2013-07-12 15:15:29 ERROR 404: Not Found.
http://localhost:9999/admin/solr/index/tei/tei/project/team.xml:
2013-07-12 15:15:29 ERROR 404: Not Found.
http://localhost:9999/admin/solr/index/tei/tei/region/index.xml:
2013-07-12 15:15:29 ERROR 404: Not Found.
http://localhost:9999/admin/solr/index/tei/tei/region/maps.xml:
2013-07-12 15:15:29 ERROR 404: Not Found.
http://localhost:9999/admin/solr/index/tei/tei/region/photos.xml:
2013-07-12 15:15:29 ERROR 404: Not Found.
http://localhost:9999/admin/solr/index/tei/template.xml:
2013-07-12 15:15:29 ERROR 404: Not Found.
FINISHED --2013-07-12 15:15:29--
Total wall clock time: 6.7s
Downloaded: 1 files, 37K in 0.001s (30.0 MB/s)
