INFO  (2020-03-13) 12:07.05:157 [access] (Unknown-URI) Unknown-Thread/CocoonServlet: Reloading from: file:/vol/iospe2/webroot/liv/kiln/webapps/ROOT/WEB-INF/cocoon.xconf
INFO  (2020-03-13) 12:07.05:271 [core.runnable] (Unknown-URI) Unknown-Thread/DefaultRunnableManager: ThreadPool named "default" created with maximum queue-size=2147483647,max-pool-size=5,min-pool-size=5,priority=5,isDaemon=false,keep-alive-time-ms=60000,block-policy="ABORT",shutdown-wait-time-ms=-1
INFO  (2020-03-13) 12:07.05:272 [core.runnable] (Unknown-URI) Unknown-Thread/DefaultRunnableManager: ThreadPool named "daemon" created with no queue,max-pool-size=2147483647,min-pool-size=1,priority=5,isDaemon=true,keep-alive-time-ms=60000,block-policy=ABORT,shutdown-wait-time-ms=-1
INFO  (2020-03-13) 12:07.05:370 [core.store] (Unknown-URI) Unknown-Thread/EHDefaultStore: EHCache cache "cocoon-ehcache-1" initialized
WARN  (2020-03-13) 12:07.05:379 [core.language.java] (Unknown-URI) Unknown-Thread/JavaLanguage: Could not expand Directory:null
java.lang.NullPointerException
	at java.base/java.util.StringTokenizer.<init>(StringTokenizer.java:199)
	at java.base/java.util.StringTokenizer.<init>(StringTokenizer.java:221)
	at org.apache.cocoon.components.language.programming.java.JavaLanguage.expandDirs(JavaLanguage.java:280)
	at org.apache.cocoon.components.language.programming.java.JavaLanguage.initialize(JavaLanguage.java:147)
	at org.apache.avalon.framework.container.ContainerUtil.initialize(ContainerUtil.java:244)
	at org.apache.avalon.excalibur.component.DefaultComponentFactory.newInstance(DefaultComponentFactory.java:297)
	at org.apache.avalon.excalibur.component.ThreadSafeComponentHandler.initialize(ThreadSafeComponentHandler.java:108)
	at org.apache.avalon.excalibur.component.ExcaliburComponentSelector.addComponent(ExcaliburComponentSelector.java:705)
	at org.apache.cocoon.components.ExtendedComponentSelector.configure(ExtendedComponentSelector.java:229)
	at org.apache.avalon.framework.container.ContainerUtil.configure(ContainerUtil.java:201)
	at org.apache.avalon.excalibur.component.DefaultComponentFactory.newInstance(DefaultComponentFactory.java:289)
	at org.apache.avalon.excalibur.component.ThreadSafeComponentHandler.initialize(ThreadSafeComponentHandler.java:108)
	at org.apache.avalon.excalibur.component.ExcaliburComponentManager.lookup(ExcaliburComponentManager.java:278)
	at org.apache.cocoon.components.CocoonComponentManager.lookup(CocoonComponentManager.java:354)
	at org.apache.cocoon.components.language.generator.ProgramGeneratorImpl.compose(ProgramGeneratorImpl.java:139)
	at org.apache.avalon.framework.container.ContainerUtil.compose(ContainerUtil.java:173)
	at org.apache.avalon.excalibur.component.DefaultComponentFactory.newInstance(DefaultComponentFactory.java:266)
	at org.apache.avalon.excalibur.component.ThreadSafeComponentHandler.initialize(ThreadSafeComponentHandler.java:108)
	at org.apache.avalon.excalibur.component.ExcaliburComponentManager.initialize(ExcaliburComponentManager.java:524)
	at org.apache.cocoon.components.CocoonComponentManager.initialize(CocoonComponentManager.java:583)
	at org.apache.avalon.framework.container.ContainerUtil.initialize(ContainerUtil.java:244)
	at org.apache.cocoon.Cocoon.initialize(Cocoon.java:345)
	at org.apache.avalon.framework.container.ContainerUtil.initialize(ContainerUtil.java:244)
	at org.apache.cocoon.servlet.CocoonServlet.createCocoon(CocoonServlet.java:1429)
	at org.apache.cocoon.servlet.CocoonServlet.init(CocoonServlet.java:499)
	at org.eclipse.jetty.servlet.ServletHolder.initServlet(ServletHolder.java:542)
	at org.eclipse.jetty.servlet.ServletHolder.initialize(ServletHolder.java:351)
	at org.eclipse.jetty.servlet.ServletHandler.initialize(ServletHandler.java:800)
	at org.eclipse.jetty.servlet.ServletContextHandler.startContext(ServletContextHandler.java:288)
	at org.eclipse.jetty.webapp.WebAppContext.startContext(WebAppContext.java:1322)
	at org.eclipse.jetty.server.handler.ContextHandler.doStart(ContextHandler.java:731)
	at org.eclipse.jetty.webapp.WebAppContext.doStart(WebAppContext.java:490)
	at org.eclipse.jetty.ant.AntWebAppContext.doStart(AntWebAppContext.java:664)
	at org.eclipse.jetty.util.component.AbstractLifeCycle.start(AbstractLifeCycle.java:69)
	at org.eclipse.jetty.util.component.ContainerLifeCycle.start(ContainerLifeCycle.java:108)
	at org.eclipse.jetty.util.component.ContainerLifeCycle.doStart(ContainerLifeCycle.java:90)
	at org.eclipse.jetty.server.handler.AbstractHandler.doStart(AbstractHandler.java:58)
	at org.eclipse.jetty.server.handler.ContextHandlerCollection.doStart(ContextHandlerCollection.java:175)
	at org.eclipse.jetty.util.component.AbstractLifeCycle.start(AbstractLifeCycle.java:69)
	at org.eclipse.jetty.util.component.ContainerLifeCycle.start(ContainerLifeCycle.java:108)
	at org.eclipse.jetty.util.component.ContainerLifeCycle.doStart(ContainerLifeCycle.java:90)
	at org.eclipse.jetty.server.handler.AbstractHandler.doStart(AbstractHandler.java:58)
	at org.eclipse.jetty.util.component.AbstractLifeCycle.start(AbstractLifeCycle.java:69)
	at org.eclipse.jetty.util.component.ContainerLifeCycle.start(ContainerLifeCycle.java:108)
	at org.eclipse.jetty.server.Server.start(Server.java:342)
	at org.eclipse.jetty.util.component.ContainerLifeCycle.doStart(ContainerLifeCycle.java:90)
	at org.eclipse.jetty.server.handler.AbstractHandler.doStart(AbstractHandler.java:58)
	at org.eclipse.jetty.server.Server.doStart(Server.java:290)
	at org.eclipse.jetty.util.component.AbstractLifeCycle.start(AbstractLifeCycle.java:69)
	at org.eclipse.jetty.ant.ServerProxyImpl.start(ServerProxyImpl.java:253)
	at org.eclipse.jetty.ant.JettyRunTask.execute(JettyRunTask.java:262)
	at org.apache.tools.ant.UnknownElement.execute(UnknownElement.java:292)
	at jdk.internal.reflect.GeneratedMethodAccessor4.invoke(Unknown Source)
	at java.base/jdk.internal.reflect.DelegatingMethodAccessorImpl.invoke(DelegatingMethodAccessorImpl.java:43)
	at java.base/java.lang.reflect.Method.invoke(Method.java:567)
	at org.apache.tools.ant.dispatch.DispatchUtils.execute(DispatchUtils.java:106)
	at org.apache.tools.ant.Task.perform(Task.java:348)
	at org.apache.tools.ant.Target.execute(Target.java:435)
	at org.apache.tools.ant.Target.performTasks(Target.java:456)
	at org.apache.tools.ant.Project.executeSortedTargets(Project.java:1393)
	at org.apache.tools.ant.Project.executeTarget(Project.java:1364)
	at org.apache.tools.ant.helper.DefaultExecutor.executeTargets(DefaultExecutor.java:41)
	at org.apache.tools.ant.Project.executeTargets(Project.java:1248)
	at org.apache.tools.ant.Main.runBuild(Main.java:851)
	at org.apache.tools.ant.Main.startAnt(Main.java:235)
	at org.apache.tools.ant.launch.Launcher.run(Launcher.java:280)
	at org.apache.tools.ant.launch.Launcher.main(Launcher.java:109)
INFO  (2020-03-13) 12:07.41:782 [core.store] (Unknown-URI) Unknown-Thread/EHDefaultStore: EHCache cache "cocoon-ehcache-1" already disposed.
